<?xml version="1.0" encoding="UTF-8"?>
<!-- Generated by org.testng.reporters.JUnitReportReporter -->
<testsuite hostname="CON-IND-LPT62" failures="0" tests="5" name="tests.WebTablesTests" time="4.716" errors="0" timestamp="2025-08-06T18:08:34 IST" skipped="0">
  <testcase classname="tests.WebTablesTests" name="testAddAndValidateRecord" time="1.535">
    <system-out>
      <![CDATA[Match the data as : [[[FirefoxDriver: firefox on windows (20592aea-5b67-4677-a14c-f6ab0d972562)] -> xpath: //div[@class='rt-td' and text()='john.doe@test.com']]]]]>
    </system-out>
  </testcase> <!-- testAddAndValidateRecord -->
  <testcase classname="tests.WebTablesTests" name="testEditRecord" time="1.073">
    <system-out>
      <![CDATA[Match the data as : [[[FirefoxDriver: firefox on windows (20592aea-5b67-4677-a14c-f6ab0d972562)] -> xpath: //div[@class='rt-td' and text()='john.doe@test.com']]]]]>
    </system-out>
  </testcase> <!-- testEditRecord -->
  <testcase classname="tests.WebTablesTests" name="testDeleteRecord" time="0.126">
    <system-out>
      <![CDATA[Match the data as : []]]>
    </system-out>
  </testcase> <!-- testDeleteRecord -->
  <testcase classname="tests.WebTablesTests" name="testDataDrivenValidation" time="1.042">
    <system-out>
      <![CDATA[Match the data as : [[[FirefoxDriver: firefox on windows (20592aea-5b67-4677-a14c-f6ab0d972562)] -> xpath: //div[@class='rt-td' and text()='alice.johnson@test.com']]]]]>
    </system-out>
  </testcase> <!-- testDataDrivenValidation -->
  <testcase classname="tests.WebTablesTests" name="testDataDrivenValidation" time="0.940">
    <system-out>
      <![CDATA[Match the data as : [[[FirefoxDriver: firefox on windows (20592aea-5b67-4677-a14c-f6ab0d972562)] -> xpath: //div[@class='rt-td' and text()='bob.smith@test.com']]]]]>
    </system-out>
  </testcase> <!-- testDataDrivenValidation -->
  <system-out>
    <![CDATA[Match the data as : [[[FirefoxDriver: firefox on windows (20592aea-5b67-4677-a14c-f6ab0d972562)] -> xpath: //div[@class='rt-td' and text()='john.doe@test.com']]]
Match the data as : [[[FirefoxDriver: firefox on windows (20592aea-5b67-4677-a14c-f6ab0d972562)] -> xpath: //div[@class='rt-td' and text()='john.doe@test.com']]]
Match the data as : []
Match the data as : [[[FirefoxDriver: firefox on windows (20592aea-5b67-4677-a14c-f6ab0d972562)] -> xpath: //div[@class='rt-td' and text()='alice.johnson@test.com']]]
Match the data as : [[[FirefoxDriver: firefox on windows (20592aea-5b67-4677-a14c-f6ab0d972562)] -> xpath: //div[@class='rt-td' and text()='bob.smith@test.com']]]]]>
  </system-out>
</testsuite> <!-- tests.WebTablesTests -->
