<?xml version="1.0" encoding="UTF-8"?>
<!-- Generated by org.testng.reporters.JUnitReportReporter -->
<testsuite hostname="CON-IND-LPT62" failures="0" tests="5" name="tests.WebTablesTests" time="4.076" errors="0" timestamp="2025-08-06T18:19:38 IST" skipped="0">
  <testcase classname="tests.WebTablesTests" name="testAddAndValidateRecord" time="1.494"/>
  <testcase classname="tests.WebTablesTests" name="testEditRecord" time="0.911"/>
  <testcase classname="tests.WebTablesTests" name="testDeleteRecord" time="0.101"/>
  <testcase classname="tests.WebTablesTests" name="testDataDrivenValidation" time="0.764"/>
  <testcase classname="tests.WebTablesTests" name="testDataDrivenValidation" time="0.806"/>
</testsuite> <!-- tests.WebTablesTests -->
